# JRE version: OpenJDK Runtime Environment (8.0_152-b06) (build 1.8.0_152-release-1136-b06)
# Java VM: OpenJDK 64-Bit Server VM (25.152-b06 mixed mode windows-amd64 compressed oops)
Heap:
 PSYoungGen      total 454144K, used 353509K [0x00000000e0000000, 0x00000000fff00000, 0x0000000100000000)
  eden space 388096K, 80% used [0x00000000e0000000,0x00000000f314ae18,0x00000000f7b00000)
  from space 66048K, 61% used [0x00000000fbe80000,0x00000000fe66e628,0x00000000fff00000)
  to   space 67584K, 0% used [0x00000000f7b00000,0x00000000f7b00000,0x00000000fbd00000)
 ParOldGen       total 160768K, used 68273K [0x00000000a0000000, 0x00000000a9d00000, 0x00000000e0000000)
  object space 160768K, 42% used [0x00000000a0000000,0x00000000a42ac410,0x00000000a9d00000)
 Metaspace       used 179023K, capacity 185865K, committed 186200K, reserved 1212416K
  class space    used 21435K, capacity 22812K, committed 22912K, reserved 1048576K
GC Heap History (10 events):
Event: 5008.705 GC heap before
{Heap before GC invocations=35 (full 5):
 PSYoungGen      total 449024K, used 448321K [0x00000000e0000000, 0x0000000100000000, 0x0000000100000000)
  eden space 398336K, 99% used [0x00000000e0000000,0x00000000f8482a58,0x00000000f8500000)
  from space 50688K, 99% used [0x00000000f8500000,0x00000000fb64dba0,0x00000000fb680000)
  to   space 68096K, 0% used [0x00000000fbd80000,0x00000000fbd80000,0x0000000100000000)
 ParOldGen       total 160768K, used 68241K [0x00000000a0000000, 0x00000000a9d00000, 0x00000000e0000000)
  object space 160768K, 42% used [0x00000000a0000000,0x00000000a42a4410,0x00000000a9d00000)
 Metaspace       used 159888K, capacity 165937K, committed 166232K, reserved 1196032K
  class space    used 19257K, capacity 20500K, committed 20608K, reserved 1048576K
Event: 5008.804 GC heap after
Heap after GC invocations=35 (full 5):
 PSYoungGen      total 458752K, used 22663K [0x00000000e0000000, 0x0000000100000000, 0x0000000100000000)
  eden space 390656K, 0% used [0x00000000e0000000,0x00000000e0000000,0x00000000f7d80000)
  from space 68096K, 33% used [0x00000000fbd80000,0x00000000fd3a1dd8,0x0000000100000000)
  to   space 65536K, 0% used [0x00000000f7d80000,0x00000000f7d80000,0x00000000fbd80000)
 ParOldGen       total 160768K, used 68249K [0x00000000a0000000, 0x00000000a9d00000, 0x00000000e0000000)
  object space 160768K, 42% used [0x00000000a0000000,0x00000000a42a6410,0x00000000a9d00000)
 Metaspace       used 159888K, capacity 165937K, committed 166232K, reserved 1196032K
  class space    used 19257K, capacity 20500K, committed 20608K, reserved 1048576K
}
Event: 5038.620 GC heap before
{Heap before GC invocations=36 (full 5):
 PSYoungGen      total 458752K, used 413319K [0x00000000e0000000, 0x0000000100000000, 0x0000000100000000)
  eden space 390656K, 100% used [0x00000000e0000000,0x00000000f7d80000,0x00000000f7d80000)
  from space 68096K, 33% used [0x00000000fbd80000,0x00000000fd3a1dd8,0x0000000100000000)
  to   space 65536K, 0% used [0x00000000f7d80000,0x00000000f7d80000,0x00000000fbd80000)
 ParOldGen       total 160768K, used 68249K [0x00000000a0000000, 0x00000000a9d00000, 0x00000000e0000000)
  object space 160768K, 42% used [0x00000000a0000000,0x00000000a42a6410,0x00000000a9d00000)
 Metaspace       used 160270K, capacity 166737K, committed 167000K, reserved 1196032K
  class space    used 19318K, capacity 20600K, committed 20608K, reserved 1048576K
Event: 5038.648 GC heap after
Heap after GC invocations=36 (full 5):
 PSYoungGen      total 408576K, used 17771K [0x00000000e0000000, 0x00000000ff980000, 0x0000000100000000)
  eden space 390656K, 0% used [0x00000000e0000000,0x00000000e0000000,0x00000000f7d80000)
  from space 17920K, 99% used [0x00000000f7d80000,0x00000000f8edac68,0x00000000f8f00000)
  to   space 63488K, 0% used [0x00000000fbb80000,0x00000000fbb80000,0x00000000ff980000)
 ParOldGen       total 160768K, used 68257K [0x00000000a0000000, 0x00000000a9d00000, 0x00000000e0000000)
  object space 160768K, 42% used [0x00000000a0000000,0x00000000a42a8410,0x00000000a9d00000)
 Metaspace       used 160270K, capacity 166737K, committed 167000K, reserved 1196032K
  class space    used 19318K, capacity 20600K, committed 20608K, reserved 1048576K
}
Event: 5045.205 GC heap before
{Heap before GC invocations=37 (full 5):
 PSYoungGen      total 408576K, used 408427K [0x00000000e0000000, 0x00000000ff980000, 0x0000000100000000)
  eden space 390656K, 100% used [0x00000000e0000000,0x00000000f7d80000,0x00000000f7d80000)
  from space 17920K, 99% used [0x00000000f7d80000,0x00000000f8edac68,0x00000000f8f00000)
  to   space 63488K, 0% used [0x00000000fbb80000,0x00000000fbb80000,0x00000000ff980000)
 ParOldGen       total 160768K, used 68257K [0x00000000a0000000, 0x00000000a9d00000, 0x00000000e0000000)
  object space 160768K, 42% used [0x00000000a0000000,0x00000000a42a8410,0x00000000a9d00000)
 Metaspace       used 160361K, capacity 166871K, committed 167000K, reserved 1196032K
  class space    used 19319K, capacity 20601K, committed 20608K, reserved 1048576K
Event: 5045.323 GC heap after
Heap after GC invocations=37 (full 5):
 PSYoungGen      total 448512K, used 52216K [0x00000000e0000000, 0x0000000100000000, 0x0000000100000000)
  eden space 385024K, 0% used [0x00000000e0000000,0x00000000e0000000,0x00000000f7800000)
  from space 63488K, 82% used [0x00000000fbb80000,0x00000000fee7e070,0x00000000ff980000)
  to   space 69120K, 0% used [0x00000000f7800000,0x00000000f7800000,0x00000000fbb80000)
 ParOldGen       total 160768K, used 68257K [0x00000000a0000000, 0x00000000a9d00000, 0x00000000e0000000)
  object space 160768K, 42% used [0x00000000a0000000,0x00000000a42a8410,0x00000000a9d00000)
 Metaspace       used 160361K, capacity 166871K, committed 167000K, reserved 1196032K
  class space    used 19319K, capacity 20601K, committed 20608K, reserved 1048576K
}
Event: 8799.495 GC heap before
{Heap before GC invocations=38 (full 5):
 PSYoungGen      total 448512K, used 437240K [0x00000000e0000000, 0x0000000100000000, 0x0000000100000000)
  eden space 385024K, 100% used [0x00000000e0000000,0x00000000f7800000,0x00000000f7800000)
  from space 63488K, 82% used [0x00000000fbb80000,0x00000000fee7e070,0x00000000ff980000)
  to   space 69120K, 0% used [0x00000000f7800000,0x00000000f7800000,0x00000000fbb80000)
 ParOldGen       total 160768K, used 68257K [0x00000000a0000000, 0x00000000a9d00000, 0x00000000e0000000)
  object space 160768K, 42% used [0x00000000a0000000,0x00000000a42a8410,0x00000000a9d00000)
 Metaspace       used 166591K, capacity 173213K, committed 173400K, reserved 1202176K
  class space    used 20033K, capacity 21354K, committed 21376K, reserved 1048576K
Event: 8800.039 GC heap after
Heap after GC invocations=38 (full 5):
 PSYoungGen      total 454144K, used 21343K [0x00000000e0000000, 0x0000000100000000, 0x0000000100000000)
  eden space 385024K, 0% used [0x00000000e0000000,0x00000000e0000000,0x00000000f7800000)
  from space 69120K, 30% used [0x00000000f7800000,0x00000000f8cd7dd0,0x00000000fbb80000)
  to   space 67072K, 0% used [0x00000000fbe80000,0x00000000fbe80000,0x0000000100000000)
 ParOldGen       total 160768K, used 68265K [0x00000000a0000000, 0x00000000a9d00000, 0x00000000e0000000)
  object space 160768K, 42% used [0x00000000a0000000,0x00000000a42aa410,0x00000000a9d00000)
 Metaspace       used 166591K, capacity 173213K, committed 173400K, reserved 1202176K
  class space    used 20033K, capacity 21354K, committed 21376K, reserved 1048576K
}
Event: 9303.927 GC heap before
{Heap before GC invocations=39 (full 5):
 PSYoungGen      total 454144K, used 406213K [0x00000000e0000000, 0x0000000100000000, 0x0000000100000000)
  eden space 385024K, 99% used [0x00000000e0000000,0x00000000f77d97b0,0x00000000f7800000)
  from space 69120K, 30% used [0x00000000f7800000,0x00000000f8cd7dd0,0x00000000fbb80000)
  to   space 67072K, 0% used [0x00000000fbe80000,0x00000000fbe80000,0x0000000100000000)
 ParOldGen       total 160768K, used 68265K [0x00000000a0000000, 0x00000000a9d00000, 0x00000000e0000000)
  object space 160768K, 42% used [0x00000000a0000000,0x00000000a42aa410,0x00000000a9d00000)
 Metaspace       used 173964K, capacity 180769K, committed 180952K, reserved 1208320K
  class space    used 20873K, capacity 22230K, committed 22272K, reserved 1048576K
Event: 9304.362 GC heap after
Heap after GC invocations=39 (full 5):
 PSYoungGen      total 454144K, used 40889K [0x00000000e0000000, 0x00000000fff00000, 0x0000000100000000)
  eden space 388096K, 0% used [0x00000000e0000000,0x00000000e0000000,0x00000000f7b00000)
  from space 66048K, 61% used [0x00000000fbe80000,0x00000000fe66e628,0x00000000fff00000)
  to   space 67584K, 0% used [0x00000000f7b00000,0x00000000f7b00000,0x00000000fbd00000)
 ParOldGen       total 160768K, used 68273K [0x00000000a0000000, 0x00000000a9d00000, 0x00000000e0000000)
  object space 160768K, 42% used [0x00000000a0000000,0x00000000a42ac410,0x00000000a9d00000)
 Metaspace       used 173964K, capacity 180769K, committed 180952K, reserved 1208320K
  class space    used 20873K, capacity 22230K, committed 22272K, reserved 1048576K
}

